[2022-08-05 06:45:57] local.ERROR: SQLSTATE[HY000] [2002] Connection refused (SQL: select * from information_schema.tables where table_schema = backend and table_name = migrations and table_type = 'BASE TABLE') {"exception":"[object] (Illuminate\\Database\\QueryException(code: 2002): SQLSTATE[HY000] [2002] Connection refused (SQL: select * from information_schema.tables where table_schema = backend and table_name = migrations and table_type = 'BASE TABLE') at /home/nte-596-vm/Desktop/Blg/blog/backend/vendor/laravel/framework/src/Illuminate/Database/Connection.php:759)
[stacktrace]
#0 /home/nte-596-vm/Desktop/Blg/blog/backend/vendor/laravel/framework/src/Illuminate/Database/Connection.php(898): Illuminate\\Database\\Connection->runQueryCallback()
#1 /home/nte-596-vm/Desktop/Blg/blog/backend/vendor/laravel/framework/src/Illuminate/Database/Connection.php(878): Illuminate\\Database\\Connection->tryAgainIfCausedByLostConnection()
#2 /home/nte-596-vm/Desktop/Blg/blog/backend/vendor/laravel/framework/src/Illuminate/Database/Connection.php(722): Illuminate\\Database\\Connection->handleQueryException()
#3 /home/nte-596-vm/Desktop/Blg/blog/backend/vendor/laravel/framework/src/Illuminate/Database/Connection.php(421): Illuminate\\Database\\Connection->run()
#4 /home/nte-596-vm/Desktop/Blg/blog/backend/vendor/laravel/framework/src/Illuminate/Database/Schema/MySqlBuilder.php(44): Illuminate\\Database\\Connection->select()
#5 /home/nte-596-vm/Desktop/Blg/blog/backend/vendor/laravel/framework/src/Illuminate/Database/Migrations/DatabaseMigrationRepository.php(169): Illuminate\\Database\\Schema\\MySqlBuilder->hasTable()
#6 /home/nte-596-vm/Desktop/Blg/blog/backend/vendor/laravel/framework/src/Illuminate/Database/Migrations/Migrator.php(673): Illuminate\\Database\\Migrations\\DatabaseMigrationRepository->repositoryExists()
#7 /home/nte-596-vm/Desktop/Blg/blog/backend/vendor/laravel/framework/src/Illuminate/Database/Console/Migrations/MigrateCommand.php(110): Illuminate\\Database\\Migrations\\Migrator->repositoryExists()
#8 /home/nte-596-vm/Desktop/Blg/blog/backend/vendor/laravel/framework/src/Illuminate/Database/Console/Migrations/MigrateCommand.php(78): Illuminate\\Database\\Console\\Migrations\\MigrateCommand->prepareDatabase()
#9 /home/nte-596-vm/Desktop/Blg/blog/backend/vendor/laravel/framework/src/Illuminate/Database/Migrations/Migrator.php(606): Illuminate\\Database\\Console\\Migrations\\MigrateCommand->Illuminate\\Database\\Console\\Migrations\\{closure}()
#10 /home/nte-596-vm/Desktop/Blg/blog/backend/vendor/laravel/framework/src/Illuminate/Database/Console/Migrations/MigrateCommand.php(98): Illuminate\\Database\\Migrations\\Migrator->usingConnection()
#11 /home/nte-596-vm/Desktop/Blg/blog/backend/vendor/laravel/framework/src/Illuminate/Container/BoundMethod.php(36): Illuminate\\Database\\Console\\Migrations\\MigrateCommand->handle()
#12 /home/nte-596-vm/Desktop/Blg/blog/backend/vendor/laravel/framework/src/Illuminate/Container/Util.php(41): Illuminate\\Container\\BoundMethod::Illuminate\\Container\\{closure}()
#13 /home/nte-596-vm/Desktop/Blg/blog/backend/vendor/laravel/framework/src/Illuminate/Container/BoundMethod.php(93): Illuminate\\Container\\Util::unwrapIfClosure()
#14 /home/nte-596-vm/Desktop/Blg/blog/backend/vendor/laravel/framework/src/Illuminate/Container/BoundMethod.php(37): Illuminate\\Container\\BoundMethod::callBoundMethod()
#15 /home/nte-596-vm/Desktop/Blg/blog/backend/vendor/laravel/framework/src/Illuminate/Container/Container.php(651): Illuminate\\Container\\BoundMethod::call()
#16 /home/nte-596-vm/Desktop/Blg/blog/backend/vendor/laravel/framework/src/Illuminate/Console/Command.php(136): Illuminate\\Container\\Container->call()
#17 /home/nte-596-vm/Desktop/Blg/blog/backend/vendor/symfony/console/Command/Command.php(308): Illuminate\\Console\\Command->execute()
#18 /home/nte-596-vm/Desktop/Blg/blog/backend/vendor/laravel/framework/src/Illuminate/Console/Command.php(121): Symfony\\Component\\Console\\Command\\Command->run()
#19 /home/nte-596-vm/Desktop/Blg/blog/backend/vendor/symfony/console/Application.php(998): Illuminate\\Console\\Command->run()
#20 /home/nte-596-vm/Desktop/Blg/blog/backend/vendor/symfony/console/Application.php(299): Symfony\\Component\\Console\\Application->doRunCommand()
#21 /home/nte-596-vm/Desktop/Blg/blog/backend/vendor/symfony/console/Application.php(171): Symfony\\Component\\Console\\Application->doRun()
#22 /home/nte-596-vm/Desktop/Blg/blog/backend/vendor/laravel/framework/src/Illuminate/Console/Application.php(102): Symfony\\Component\\Console\\Application->run()
#23 /home/nte-596-vm/Desktop/Blg/blog/backend/vendor/laravel/framework/src/Illuminate/Foundation/Console/Kernel.php(129): Illuminate\\Console\\Application->run()
#24 /home/nte-596-vm/Desktop/Blg/blog/backend/artisan(37): Illuminate\\Foundation\\Console\\Kernel->handle()
#25 {main}

[previous exception] [object] (PDOException(code: 2002): SQLSTATE[HY000] [2002] Connection refused at /home/nte-596-vm/Desktop/Blg/blog/backend/vendor/laravel/framework/src/Illuminate/Database/Connectors/Connector.php:70)
[stacktrace]
#0 /home/nte-596-vm/Desktop/Blg/blog/backend/vendor/laravel/framework/src/Illuminate/Database/Connectors/Connector.php(70): PDO->__construct()
#1 /home/nte-596-vm/Desktop/Blg/blog/backend/vendor/laravel/framework/src/Illuminate/Database/Connectors/Connector.php(100): Illuminate\\Database\\Connectors\\Connector->createPdoConnection()
#2 /home/nte-596-vm/Desktop/Blg/blog/backend/vendor/laravel/framework/src/Illuminate/Database/Connectors/Connector.php(50): Illuminate\\Database\\Connectors\\Connector->tryAgainIfCausedByLostConnection()
#3 /home/nte-596-vm/Desktop/Blg/blog/backend/vendor/laravel/framework/src/Illuminate/Database/Connectors/MySqlConnector.php(24): Illuminate\\Database\\Connectors\\Connector->createConnection()
#4 /home/nte-596-vm/Desktop/Blg/blog/backend/vendor/laravel/framework/src/Illuminate/Database/Connectors/ConnectionFactory.php(184): Illuminate\\Database\\Connectors\\MySqlConnector->connect()
#5 [internal function]: Illuminate\\Database\\Connectors\\ConnectionFactory->Illuminate\\Database\\Connectors\\{closure}()
#6 /home/nte-596-vm/Desktop/Blg/blog/backend/vendor/laravel/framework/src/Illuminate/Database/Connection.php(1168): call_user_func()
#7 /home/nte-596-vm/Desktop/Blg/blog/backend/vendor/laravel/framework/src/Illuminate/Database/Connection.php(1204): Illuminate\\Database\\Connection->getPdo()
#8 /home/nte-596-vm/Desktop/Blg/blog/backend/vendor/laravel/framework/src/Illuminate/Database/Connection.php(485): Illuminate\\Database\\Connection->getReadPdo()
#9 /home/nte-596-vm/Desktop/Blg/blog/backend/vendor/laravel/framework/src/Illuminate/Database/Connection.php(413): Illuminate\\Database\\Connection->getPdoForSelect()
#10 /home/nte-596-vm/Desktop/Blg/blog/backend/vendor/laravel/framework/src/Illuminate/Database/Connection.php(752): Illuminate\\Database\\Connection->Illuminate\\Database\\{closure}()
#11 /home/nte-596-vm/Desktop/Blg/blog/backend/vendor/laravel/framework/src/Illuminate/Database/Connection.php(898): Illuminate\\Database\\Connection->runQueryCallback()
#12 /home/nte-596-vm/Desktop/Blg/blog/backend/vendor/laravel/framework/src/Illuminate/Database/Connection.php(878): Illuminate\\Database\\Connection->tryAgainIfCausedByLostConnection()
#13 /home/nte-596-vm/Desktop/Blg/blog/backend/vendor/laravel/framework/src/Illuminate/Database/Connection.php(722): Illuminate\\Database\\Connection->handleQueryException()
#14 /home/nte-596-vm/Desktop/Blg/blog/backend/vendor/laravel/framework/src/Illuminate/Database/Connection.php(421): Illuminate\\Database\\Connection->run()
#15 /home/nte-596-vm/Desktop/Blg/blog/backend/vendor/laravel/framework/src/Illuminate/Database/Schema/MySqlBuilder.php(44): Illuminate\\Database\\Connection->select()
#16 /home/nte-596-vm/Desktop/Blg/blog/backend/vendor/laravel/framework/src/Illuminate/Database/Migrations/DatabaseMigrationRepository.php(169): Illuminate\\Database\\Schema\\MySqlBuilder->hasTable()
#17 /home/nte-596-vm/Desktop/Blg/blog/backend/vendor/laravel/framework/src/Illuminate/Database/Migrations/Migrator.php(673): Illuminate\\Database\\Migrations\\DatabaseMigrationRepository->repositoryExists()
#18 /home/nte-596-vm/Desktop/Blg/blog/backend/vendor/laravel/framework/src/Illuminate/Database/Console/Migrations/MigrateCommand.php(110): Illuminate\\Database\\Migrations\\Migrator->repositoryExists()
#19 /home/nte-596-vm/Desktop/Blg/blog/backend/vendor/laravel/framework/src/Illuminate/Database/Console/Migrations/MigrateCommand.php(78): Illuminate\\Database\\Console\\Migrations\\MigrateCommand->prepareDatabase()
#20 /home/nte-596-vm/Desktop/Blg/blog/backend/vendor/laravel/framework/src/Illuminate/Database/Migrations/Migrator.php(606): Illuminate\\Database\\Console\\Migrations\\MigrateCommand->Illuminate\\Database\\Console\\Migrations\\{closure}()
#21 /home/nte-596-vm/Desktop/Blg/blog/backend/vendor/laravel/framework/src/Illuminate/Database/Console/Migrations/MigrateCommand.php(98): Illuminate\\Database\\Migrations\\Migrator->usingConnection()
#22 /home/nte-596-vm/Desktop/Blg/blog/backend/vendor/laravel/framework/src/Illuminate/Container/BoundMethod.php(36): Illuminate\\Database\\Console\\Migrations\\MigrateCommand->handle()
#23 /home/nte-596-vm/Desktop/Blg/blog/backend/vendor/laravel/framework/src/Illuminate/Container/Util.php(41): Illuminate\\Container\\BoundMethod::Illuminate\\Container\\{closure}()
#24 /home/nte-596-vm/Desktop/Blg/blog/backend/vendor/laravel/framework/src/Illuminate/Container/BoundMethod.php(93): Illuminate\\Container\\Util::unwrapIfClosure()
#25 /home/nte-596-vm/Desktop/Blg/blog/backend/vendor/laravel/framework/src/Illuminate/Container/BoundMethod.php(37): Illuminate\\Container\\BoundMethod::callBoundMethod()
#26 /home/nte-596-vm/Desktop/Blg/blog/backend/vendor/laravel/framework/src/Illuminate/Container/Container.php(651): Illuminate\\Container\\BoundMethod::call()
#27 /home/nte-596-vm/Desktop/Blg/blog/backend/vendor/laravel/framework/src/Illuminate/Console/Command.php(136): Illuminate\\Container\\Container->call()
#28 /home/nte-596-vm/Desktop/Blg/blog/backend/vendor/symfony/console/Command/Command.php(308): Illuminate\\Console\\Command->execute()
#29 /home/nte-596-vm/Desktop/Blg/blog/backend/vendor/laravel/framework/src/Illuminate/Console/Command.php(121): Symfony\\Component\\Console\\Command\\Command->run()
#30 /home/nte-596-vm/Desktop/Blg/blog/backend/vendor/symfony/console/Application.php(998): Illuminate\\Console\\Command->run()
#31 /home/nte-596-vm/Desktop/Blg/blog/backend/vendor/symfony/console/Application.php(299): Symfony\\Component\\Console\\Application->doRunCommand()
#32 /home/nte-596-vm/Desktop/Blg/blog/backend/vendor/symfony/console/Application.php(171): Symfony\\Component\\Console\\Application->doRun()
#33 /home/nte-596-vm/Desktop/Blg/blog/backend/vendor/laravel/framework/src/Illuminate/Console/Application.php(102): Symfony\\Component\\Console\\Application->run()
#34 /home/nte-596-vm/Desktop/Blg/blog/backend/vendor/laravel/framework/src/Illuminate/Foundation/Console/Kernel.php(129): Illuminate\\Console\\Application->run()
#35 /home/nte-596-vm/Desktop/Blg/blog/backend/artisan(37): Illuminate\\Foundation\\Console\\Kernel->handle()
#36 {main}
"} 
